© Copyright Web Applications (UK) Ltd, 2015.
All rights reserved.

Redistribution and use in source and binary forms, with or without
modification, are permitted provided that the following conditions are met:
    * Redistributions of source code must retain the above copyright
      notice, this list of conditions and the following disclaimer.
    * Redistributions in binary form must reproduce the above copyright
      notice, this list of conditions and the following disclaimer in the
      documentation and/or other materials provided with the distribution.
    * Neither the name of Web Applications UK Ltd nor the
      names of its contributors may be used to endorse or promote products
      derived from this software without specific prior written permission.

THIS SOFTWARE IS PROVIDED BY THE COPYRIGHT HOLDERS AND CONTRIBUTORS "AS IS" AND
ANY EXPRESS OR IMPLIED WARRANTIES, INCLUDING, BUT NOT LIMITED TO, THE IMPLIED
WARRANTIES OF MERCHANTABILITY AND FITNESS FOR A PARTICULAR PURPOSE ARE
DISCLAIMED. IN NO EVENT SHALL WEB APPLICATIONS UK LTD BE LIABLE FOR ANY
DIRECT, INDIRECT, INCIDENTAL, SPECIAL, EXEMPLARY, OR CONSEQUENTIAL DAMAGES
(INCLUDING, BUT NOT LIMITED TO, PROCUREMENT OF SUBSTITUTE GOODS OR SERVICES;
LOSS OF USE, DATA, OR PROFITS; OR BUSINESS INTERRUPTION) HOWEVER CAUSED AND
ON ANY THEORY OF LIABILITY, WHETHER IN CONTRACT, STRICT LIABILITY, OR TORT
(INCLUDING NEGLIGENCE OR OTHERWISE) ARISING IN ANY WAY OUT OF THE USE OF THIS
SOFTWARE, EVEN IF ADVISED OF THE POSSIBILITY OF SUCH DAMAGE.

*******************************************************************************
* WARNING: Do not have this file open during regeneration as it can slow down *
* Visual Studio considerably.                                                 *
*******************************************************************************

Schema code file generation
============================
Started			: 06/16/2015 16:42:39
Saved helper template files:
    C:\SourceControl\Core-Library-and-Tools\Core-Library\Utilities_Database\Generated\SqlProgramGeneric.Generated.txt4
Saved files:
    C:\SourceControl\Core-Library-and-Tools\Core-Library\Utilities_Database\Generated\SqlProgramGeneric32.Generated.cs
    C:\SourceControl\Core-Library-and-Tools\Core-Library\Utilities_Database\Generated\SqlProgramGeneric31.Generated.cs
    C:\SourceControl\Core-Library-and-Tools\Core-Library\Utilities_Database\Generated\SqlProgramGeneric30.Generated.cs
    C:\SourceControl\Core-Library-and-Tools\Core-Library\Utilities_Database\Generated\SqlProgramGeneric29.Generated.cs
    C:\SourceControl\Core-Library-and-Tools\Core-Library\Utilities_Database\Generated\SqlProgramGeneric28.Generated.cs
    C:\SourceControl\Core-Library-and-Tools\Core-Library\Utilities_Database\Generated\SqlProgramGeneric27.Generated.cs
    C:\SourceControl\Core-Library-and-Tools\Core-Library\Utilities_Database\Generated\SqlProgramGeneric26.Generated.cs
    C:\SourceControl\Core-Library-and-Tools\Core-Library\Utilities_Database\Generated\SqlProgramGeneric25.Generated.cs
    C:\SourceControl\Core-Library-and-Tools\Core-Library\Utilities_Database\Generated\SqlProgramGeneric24.Generated.cs
    C:\SourceControl\Core-Library-and-Tools\Core-Library\Utilities_Database\Generated\SqlProgramGeneric23.Generated.cs
    C:\SourceControl\Core-Library-and-Tools\Core-Library\Utilities_Database\Generated\SqlProgramGeneric22.Generated.cs
    C:\SourceControl\Core-Library-and-Tools\Core-Library\Utilities_Database\Generated\SqlProgramGeneric21.Generated.cs
    C:\SourceControl\Core-Library-and-Tools\Core-Library\Utilities_Database\Generated\SqlProgramGeneric20.Generated.cs
    C:\SourceControl\Core-Library-and-Tools\Core-Library\Utilities_Database\Generated\SqlProgramGeneric19.Generated.cs
    C:\SourceControl\Core-Library-and-Tools\Core-Library\Utilities_Database\Generated\SqlProgramGeneric18.Generated.cs
    C:\SourceControl\Core-Library-and-Tools\Core-Library\Utilities_Database\Generated\SqlProgramGeneric17.Generated.cs
    C:\SourceControl\Core-Library-and-Tools\Core-Library\Utilities_Database\Generated\SqlProgramGeneric16.Generated.cs
    C:\SourceControl\Core-Library-and-Tools\Core-Library\Utilities_Database\Generated\SqlProgramGeneric15.Generated.cs
    C:\SourceControl\Core-Library-and-Tools\Core-Library\Utilities_Database\Generated\SqlProgramGeneric14.Generated.cs
    C:\SourceControl\Core-Library-and-Tools\Core-Library\Utilities_Database\Generated\SqlProgramGeneric13.Generated.cs
    C:\SourceControl\Core-Library-and-Tools\Core-Library\Utilities_Database\Generated\SqlProgramGeneric12.Generated.cs
    C:\SourceControl\Core-Library-and-Tools\Core-Library\Utilities_Database\Generated\SqlProgramGeneric11.Generated.cs
    C:\SourceControl\Core-Library-and-Tools\Core-Library\Utilities_Database\Generated\SqlProgramGeneric10.Generated.cs
    C:\SourceControl\Core-Library-and-Tools\Core-Library\Utilities_Database\Generated\SqlProgramGeneric9.Generated.cs
    C:\SourceControl\Core-Library-and-Tools\Core-Library\Utilities_Database\Generated\SqlProgramGeneric8.Generated.cs
    C:\SourceControl\Core-Library-and-Tools\Core-Library\Utilities_Database\Generated\SqlProgramGeneric7.Generated.cs
    C:\SourceControl\Core-Library-and-Tools\Core-Library\Utilities_Database\Generated\SqlProgramGeneric6.Generated.cs
    C:\SourceControl\Core-Library-and-Tools\Core-Library\Utilities_Database\Generated\SqlProgramGeneric5.Generated.cs
    C:\SourceControl\Core-Library-and-Tools\Core-Library\Utilities_Database\Generated\SqlProgramGeneric4.Generated.cs
    C:\SourceControl\Core-Library-and-Tools\Core-Library\Utilities_Database\Generated\SqlProgramGeneric3.Generated.cs
    C:\SourceControl\Core-Library-and-Tools\Core-Library\Utilities_Database\Generated\SqlProgramGeneric2.Generated.cs
    C:\SourceControl\Core-Library-and-Tools\Core-Library\Utilities_Database\Generated\SqlProgramGeneric1.Generated.cs

Finished        : 06/16/2015 16:42:40
Total Duration  : 428.622 ms